2025-12-22 16:18:30 - AnkiPH - INFO - ✓ Access token set (eyJh...Xjyo)
2025-12-22 16:18:30 - AnkiPH - INFO - AnkiPH v4.0.0 ready
2025-12-22 16:18:30 - AnkiPH - WARNING - Could not parse token expiry: 1766379161
2025-12-22 16:18:30 - AnkiPH - INFO - ✓ Access token set (eyJh...Xjyo)
2025-12-22 16:18:32 - AnkiPH - WARNING - Could not parse token expiry: 1766379161
2025-12-22 16:18:32 - AnkiPH - INFO - Token refreshed, retrying /addon-check-updates
2025-12-22 16:18:33 - AnkiPH - ERROR - Authentication error on /addon-check-updates: Invalid or expired token
2025-12-22 16:18:33 - AnkiPH - ERROR - Update check failed: Session expired. Please login again.
2025-12-22 16:19:56 - AnkiPH - INFO - AnkiPH v4.0.0 ready
2025-12-22 16:21:20 - AnkiPH - INFO - ✓ Access token set (eyJh...JAxk)
2025-12-22 16:21:20 - AnkiPH - INFO - ✓ Access token set (eyJh...JAxk)
2025-12-22 16:22:33 - AnkiPH - INFO - ✓ Access token set (eyJh...JAxk)
2025-12-22 16:22:33 - AnkiPH - INFO - ✓ Access token set (eyJh...JAxk)
2025-12-22 16:22:33 - AnkiPH - INFO - Access token set for sync
2025-12-22 16:22:33 - AnkiPH - INFO - ✓ Access token set (eyJh...JAxk)
2025-12-22 16:22:37 - AnkiPH - INFO - Checking progress for 2 tracked deck(s)...
2025-12-22 16:22:37 - AnkiPH - ERROR - Error getting deck stats for 1766340098146: Your database appears to be in an inconsistent state. Please use the Check Database action. No such deck: '1766340098146'
2025-12-22 16:22:37 - AnkiPH - WARNING - No stats for deck adc78e04-dd8c-40b5-857c-7ee0c214c8f5, using defaults...
2025-12-22 16:22:37 - AnkiPH - ERROR - Error getting review stats for deck 1766340098146: Your database appears to be in an inconsistent state. Please use the Check Database action. No such deck: '1766340098146'
2025-12-22 16:22:37 - AnkiPH - ERROR - Error calculating retention rate for deck 1766340098146: Your database appears to be in an inconsistent state. Please use the Check Database action. No such deck: '1766340098146'
2025-12-22 16:22:37 - AnkiPH - ERROR - Error calculating streak for deck 1766340098146: Your database appears to be in an inconsistent state. Please use the Check Database action. No such deck: '1766340098146'
2025-12-22 16:22:37 - AnkiPH - INFO - Prepared progress data for deck adc78e04-dd8c-40b5-857c-7ee0c214c8f5
2025-12-22 16:22:37 - AnkiPH - ERROR - Error getting deck stats for 1766340096117: Your database appears to be in an inconsistent state. Please use the Check Database action. No such deck: '1766340096117'
2025-12-22 16:22:37 - AnkiPH - WARNING - No stats for deck e857a9e5-4f15-43ec-beb9-8cbf034d811b, using defaults...
2025-12-22 16:22:37 - AnkiPH - ERROR - Error getting review stats for deck 1766340096117: Your database appears to be in an inconsistent state. Please use the Check Database action. No such deck: '1766340096117'
2025-12-22 16:22:37 - AnkiPH - ERROR - Error calculating retention rate for deck 1766340096117: Your database appears to be in an inconsistent state. Please use the Check Database action. No such deck: '1766340096117'
2025-12-22 16:22:37 - AnkiPH - ERROR - Error calculating streak for deck 1766340096117: Your database appears to be in an inconsistent state. Please use the Check Database action. No such deck: '1766340096117'
2025-12-22 16:22:37 - AnkiPH - INFO - Prepared progress data for deck e857a9e5-4f15-43ec-beb9-8cbf034d811b
2025-12-22 16:22:37 - AnkiPH - INFO - Syncing progress for 2 deck(s)...
2025-12-22 16:22:42 - AnkiPH - INFO - Progress synced: 2 succeeded, 0 failed
2025-12-22 16:22:42 - AnkiPH - INFO - Progress synced
2025-12-22 16:25:08 - AnkiPH - INFO - ✓ Access token set (eyJh...JAxk)
2025-12-22 16:25:08 - AnkiPH - INFO - AnkiPH v4.0.0 ready
2025-12-22 16:25:08 - AnkiPH - WARNING - Could not parse token expiry: 1766395276
2025-12-22 16:25:08 - AnkiPH - INFO - ✓ Access token set (eyJh...JAxk)
2025-12-22 16:25:11 - AnkiPH - INFO - Update check complete: 2 update(s) available
2025-12-22 16:25:11 - AnkiPH - INFO - Auto-applying 2 update(s)...
2025-12-22 16:25:14 - AnkiPH - INFO - ✓ Access token set (eyJh...U8a8)
2025-12-22 16:25:14 - AnkiPH - INFO - ✓ Access token set (eyJh...U8a8)
2025-12-22 16:25:16 - AnkiPH - INFO - Syncing deck Getting Started with Anki...
2025-12-22 16:25:16 - AnkiPH - INFO - Starting import for deck: Getting Started with Anki
2025-12-22 16:25:16 - AnkiPH - WARNING - No cards found in deck data
2025-12-22 16:25:16 - AnkiPH - INFO - Cleared update notification for deck e857a9e5-4f15-43ec-beb9-8cbf034d811b
2025-12-22 16:25:16 - AnkiPH - INFO - Auto-updated deck e857a9e5-4f15-43ec-beb9-8cbf034d811b to vv1
2025-12-22 16:25:17 - AnkiPH - INFO - ✓ Access token set (eyJh...etXU)
2025-12-22 16:25:17 - AnkiPH - INFO - ✓ Access token set (eyJh...etXU)
2025-12-22 16:25:19 - AnkiPH - INFO - Syncing deck Nottorney Deck...
2025-12-22 16:25:19 - AnkiPH - INFO - Starting import for deck: Nottorney Deck
2025-12-22 16:25:19 - AnkiPH - WARNING - No cards found in deck data
2025-12-22 16:25:19 - AnkiPH - INFO - Cleared update notification for deck adc78e04-dd8c-40b5-857c-7ee0c214c8f5
2025-12-22 16:25:19 - AnkiPH - INFO - Auto-updated deck adc78e04-dd8c-40b5-857c-7ee0c214c8f5 to vv1
